2023-05-31 15:30:23.414 +08:00 [DBG] Registered SignalR Protocol: json, implemented by Microsoft.AspNetCore.SignalR.Protocol.JsonHubProtocol.
2023-05-31 15:30:23.463 +08:00 [DBG] Registered SignalR Protocol: blazorpack, implemented by Microsoft.AspNetCore.Components.Server.BlazorPack.BlazorPackHubProtocol.
2023-05-31 15:30:23.503 +08:00 [VRB] 'ComponentHub' hub method 'StartCircuit' is bound.
2023-05-31 15:30:23.506 +08:00 [VRB] 'ComponentHub' hub method 'ConnectCircuit' is bound.
2023-05-31 15:30:23.509 +08:00 [VRB] 'ComponentHub' hub method 'BeginInvokeDotNetFromJS' is bound.
2023-05-31 15:30:23.512 +08:00 [VRB] 'ComponentHub' hub method 'EndInvokeJSFromDotNet' is bound.
2023-05-31 15:30:23.515 +08:00 [VRB] 'ComponentHub' hub method 'ReceiveByteArray' is bound.
2023-05-31 15:30:23.518 +08:00 [VRB] 'ComponentHub' hub method 'ReceiveJSDataChunk' is bound.
2023-05-31 15:30:23.519 +08:00 [VRB] 'ComponentHub' hub method 'SendDotNetStreamToJS' is bound.
2023-05-31 15:30:23.521 +08:00 [VRB] 'ComponentHub' hub method 'OnRenderCompleted' is bound.
2023-05-31 15:30:23.524 +08:00 [VRB] 'ComponentHub' hub method 'OnLocationChanged' is bound.
2023-05-31 15:30:23.569 +08:00 [INF] User profile is available. Using 'C:\Users\wangjiamin\AppData\Local\ASP.NET\DataProtection-Keys' as key repository and Windows DPAPI to encrypt keys at rest.
2023-05-31 15:30:23.619 +08:00 [DBG] Initializing Razor view compiler with compiled view: '/Pages/Error.cshtml'.
2023-05-31 15:30:23.620 +08:00 [DBG] Initializing Razor view compiler with compiled view: '/Pages/_Host.cshtml'.
2023-05-31 15:30:23.620 +08:00 [DBG] Initializing Razor view compiler with compiled view: '/Pages/_Layout.cshtml'.
2023-05-31 15:30:23.632 +08:00 [DBG] Registered model binder providers, in the following order: ["Microsoft.AspNetCore.Mvc.ModelBinding.Binders.BinderTypeModelBinderProvider","Microsoft.AspNetCore.Mvc.ModelBinding.Binders.ServicesModelBinderProvider","Microsoft.AspNetCore.Mvc.ModelBinding.Binders.BodyModelBinderProvider","Microsoft.AspNetCore.Mvc.ModelBinding.Binders.HeaderModelBinderProvider","Microsoft.AspNetCore.Mvc.ModelBinding.Binders.FloatingPointTypeModelBinderProvider","Microsoft.AspNetCore.Mvc.ModelBinding.Binders.EnumTypeModelBinderProvider","Microsoft.AspNetCore.Mvc.ModelBinding.Binders.DateTimeModelBinderProvider","Microsoft.AspNetCore.Mvc.ModelBinding.Binders.SimpleTypeModelBinderProvider","Microsoft.AspNetCore.Mvc.ModelBinding.Binders.CancellationTokenModelBinderProvider","Microsoft.AspNetCore.Mvc.ModelBinding.Binders.ByteArrayModelBinderProvider","Microsoft.AspNetCore.Mvc.ModelBinding.Binders.FormFileModelBinderProvider","Microsoft.AspNetCore.Mvc.ModelBinding.Binders.FormCollectionModelBinderProvider","Microsoft.AspNetCore.Mvc.ModelBinding.Binders.KeyValuePairModelBinderProvider","Microsoft.AspNetCore.Mvc.ModelBinding.Binders.DictionaryModelBinderProvider","Microsoft.AspNetCore.Mvc.ModelBinding.Binders.ArrayModelBinderProvider","Microsoft.AspNetCore.Mvc.ModelBinding.Binders.CollectionModelBinderProvider","Microsoft.AspNetCore.Mvc.ModelBinding.Binders.ComplexObjectModelBinderProvider"]
2023-05-31 15:30:23.683 +08:00 [INF] Web主机服务启动.......
2023-05-31 15:30:23.685 +08:00 [INF] 当前环境变量为:【Localhost】
2023-05-31 15:30:23.688 +08:00 [INF] 当前工作目录为：【E:\项目代码\学习代码\StuSolution\BlazorApp1】
2023-05-31 15:30:23.698 +08:00 [DBG] Hosting starting
2023-05-31 15:30:23.702 +08:00 [DBG] Reading data from file 'C:\Users\wangjiamin\AppData\Local\ASP.NET\DataProtection-Keys\key-6df9717c-296b-40fb-b626-4b254ee8becf.xml'.
2023-05-31 15:30:23.716 +08:00 [DBG] Reading data from file 'C:\Users\wangjiamin\AppData\Local\ASP.NET\DataProtection-Keys\key-7520f3ae-5245-4785-9325-2001b77637d2.xml'.
2023-05-31 15:30:23.727 +08:00 [DBG] Reading data from file 'C:\Users\wangjiamin\AppData\Local\ASP.NET\DataProtection-Keys\key-c6251893-8da3-4e23-a48a-2903b0d8cc24.xml'.
2023-05-31 15:30:23.741 +08:00 [DBG] Found key {6df9717c-296b-40fb-b626-4b254ee8becf}.
2023-05-31 15:30:23.746 +08:00 [DBG] Found key {7520f3ae-5245-4785-9325-2001b77637d2}.
2023-05-31 15:30:23.747 +08:00 [DBG] Found key {c6251893-8da3-4e23-a48a-2903b0d8cc24}.
2023-05-31 15:30:23.757 +08:00 [DBG] Considering key {6df9717c-296b-40fb-b626-4b254ee8becf} with expiration date 2023-08-04 08:00:43Z as default key.
2023-05-31 15:30:23.760 +08:00 [DBG] Forwarded activator type request from Microsoft.AspNetCore.DataProtection.XmlEncryption.DpapiXmlDecryptor, Microsoft.AspNetCore.DataProtection, Version=2.1.1.0, Culture=neutral, PublicKeyToken=adb9793829ddae60 to Microsoft.AspNetCore.DataProtection.XmlEncryption.DpapiXmlDecryptor, Microsoft.AspNetCore.DataProtection, Culture=neutral, PublicKeyToken=adb9793829ddae60
2023-05-31 15:30:23.764 +08:00 [DBG] Decrypting secret element using Windows DPAPI.
2023-05-31 15:30:23.767 +08:00 [DBG] Forwarded activator type request from Microsoft.AspNetCore.DataProtection.AuthenticatedEncryption.ConfigurationModel.AuthenticatedEncryptorDescriptorDeserializer, Microsoft.AspNetCore.DataProtection, Version=2.1.1.0, Culture=neutral, PublicKeyToken=adb9793829ddae60 to Microsoft.AspNetCore.DataProtection.AuthenticatedEncryption.ConfigurationModel.AuthenticatedEncryptorDescriptorDeserializer, Microsoft.AspNetCore.DataProtection, Culture=neutral, PublicKeyToken=adb9793829ddae60
2023-05-31 15:30:23.770 +08:00 [DBG] Opening CNG algorithm 'AES' from provider 'null' with chaining mode CBC.
2023-05-31 15:30:23.773 +08:00 [DBG] Opening CNG algorithm 'SHA256' from provider 'null' with HMAC.
2023-05-31 15:30:23.776 +08:00 [DBG] Using key {6df9717c-296b-40fb-b626-4b254ee8becf} as the default key.
2023-05-31 15:30:23.777 +08:00 [DBG] Key ring with default key {6df9717c-296b-40fb-b626-4b254ee8becf} was loaded during application startup.
2023-05-31 15:30:23.906 +08:00 [DBG] Using development certificate: CN=localhost (Thumbprint: 2512B6F92C054E87D2E50B2D6C7A73364A971D9D)
2023-05-31 15:30:23.952 +08:00 [INF] Now listening on: https://localhost:7171
2023-05-31 15:30:23.953 +08:00 [INF] Now listening on: http://localhost:5160
2023-05-31 15:30:23.954 +08:00 [DBG] Loaded hosting startup assembly BlazorApp1
2023-05-31 15:30:23.955 +08:00 [DBG] Loaded hosting startup assembly Microsoft.AspNetCore.Watch.BrowserRefresh
2023-05-31 15:30:23.956 +08:00 [DBG] Loaded hosting startup assembly Microsoft.WebTools.BrowserLink.Net
2023-05-31 15:30:23.957 +08:00 [INF] Application started. Press Ctrl+C to shut down.
2023-05-31 15:30:23.957 +08:00 [INF] Hosting environment: Localhost
2023-05-31 15:30:23.958 +08:00 [INF] Content root path: E:\项目代码\学习代码\StuSolution\BlazorApp1\
2023-05-31 15:30:23.959 +08:00 [VRB] Starting connection heartbeat.
2023-05-31 15:30:23.961 +08:00 [DBG] Hosting started
2023-05-31 15:30:23.972 +08:00 [DBG] Connection id "0HMR1L3IRMR3H" received FIN.
2023-05-31 15:30:23.980 +08:00 [DBG] Connection id "0HMR1L3IRMR3H" accepted.
2023-05-31 15:30:23.982 +08:00 [DBG] Connection id "0HMR1L3IRMR3H" started.
2023-05-31 15:30:23.993 +08:00 [DBG] Failed to authenticate HTTPS connection.
System.IO.IOException:  Received an unexpected EOF or 0 bytes from the transport stream.
   at System.Net.Security.SslStream.ReceiveBlobAsync[TIOAdapter](TIOAdapter adapter)
   at System.Net.Security.SslStream.ForceAuthenticationAsync[TIOAdapter](TIOAdapter adapter, Boolean receiveFirst, Byte[] reAuthenticationData, Boolean isApm)
   at Microsoft.AspNetCore.Server.Kestrel.Https.Internal.HttpsConnectionMiddleware.OnConnectionAsync(ConnectionContext context)
2023-05-31 15:30:24.028 +08:00 [DBG] Connection id "0HMR1L3IRMR3H" stopped.
2023-05-31 15:30:24.031 +08:00 [DBG] Connection id "0HMR1L3IRMR3H" sending FIN because: "The Socket transport's send loop completed gracefully."
2023-05-31 15:30:24.531 +08:00 [DBG] Connection id "0HMR1L3IRMR3I" accepted.
2023-05-31 15:30:24.533 +08:00 [DBG] Connection id "0HMR1L3IRMR3I" started.
2023-05-31 15:30:24.533 +08:00 [DBG] Connection id "0HMR1L3IRMR3J" accepted.
2023-05-31 15:30:24.545 +08:00 [DBG] Connection id "0HMR1L3IRMR3J" started.
2023-05-31 15:30:24.558 +08:00 [DBG] Connection id "0HMR1L3IRMR3I" received FIN.
2023-05-31 15:30:24.582 +08:00 [DBG] Connection 0HMR1L3IRMR3J established using the following protocol: "Tls13"
2023-05-31 15:30:24.582 +08:00 [DBG] Connection 0HMR1L3IRMR3I established using the following protocol: "Tls13"
2023-05-31 15:30:24.599 +08:00 [DBG] Connection id "0HMR1L3IRMR3I" is closed. The last processed stream ID was 0.
2023-05-31 15:30:24.601 +08:00 [DBG] Connection id "0HMR1L3IRMR3I" sending FIN because: "The client closed the connection."
2023-05-31 15:30:24.603 +08:00 [VRB] Connection id "0HMR1L3IRMR3J" sending "SETTINGS" frame for stream ID 0 with length 18 and flags "NONE".
2023-05-31 15:30:24.604 +08:00 [DBG] Connection id "0HMR1L3IRMR3I" stopped.
2023-05-31 15:30:24.607 +08:00 [VRB] Connection id "0HMR1L3IRMR3J" sending "WINDOW_UPDATE" frame for stream ID 0 with length 4 and flags 0x0.
2023-05-31 15:30:24.609 +08:00 [VRB] Connection id "0HMR1L3IRMR3J" received "SETTINGS" frame for stream ID 0 with length 30 and flags "NONE".
2023-05-31 15:30:24.611 +08:00 [VRB] Connection id "0HMR1L3IRMR3J" sending "SETTINGS" frame for stream ID 0 with length 0 and flags "ACK".
2023-05-31 15:30:24.614 +08:00 [VRB] Connection id "0HMR1L3IRMR3J" received "WINDOW_UPDATE" frame for stream ID 0 with length 4 and flags 0x0.
2023-05-31 15:30:24.616 +08:00 [VRB] Connection id "0HMR1L3IRMR3J" received "HEADERS" frame for stream ID 1 with length 436 and flags "END_STREAM, END_HEADERS, PRIORITY".
2023-05-31 15:30:24.636 +08:00 [VRB] Connection id "0HMR1L3IRMR3J" received "SETTINGS" frame for stream ID 0 with length 0 and flags "ACK".
2023-05-31 15:30:24.648 +08:00 [INF] Request starting HTTP/2 GET https://localhost:7171/ - -
2023-05-31 15:30:24.685 +08:00 [DBG] Wildcard detected, all requests with hosts will be allowed.
2023-05-31 15:30:24.687 +08:00 [VRB] All hosts are allowed.
2023-05-31 15:30:24.689 +08:00 [DBG] The host 'localhost' is excluded. Skipping HSTS header.
2023-05-31 15:30:24.692 +08:00 [DBG] The request path / does not match a supported file type
2023-05-31 15:30:24.710 +08:00 [DBG] 2 candidate(s) found for the request path '/'
2023-05-31 15:30:24.717 +08:00 [DBG] Endpoint '/_Host' with route pattern '' is valid for the request path '/'
2023-05-31 15:30:24.719 +08:00 [DBG] Endpoint 'Fallback {*path:nonfile}' with route pattern '{*path:nonfile}' is valid for the request path '/'
2023-05-31 15:30:24.723 +08:00 [DBG] Request matched endpoint '/_Host'
2023-05-31 15:30:24.725 +08:00 [INF] Executing endpoint '/_Host'
2023-05-31 15:30:24.740 +08:00 [VRB] Could not find a file for view at path '/Pages/_ViewStart.cshtml'.
2023-05-31 15:30:24.742 +08:00 [VRB] Could not find a file for view at path '/_ViewStart.cshtml'.
2023-05-31 15:30:24.745 +08:00 [INF] Route matched with {page = "/_Host"}. Executing page /_Host
2023-05-31 15:30:24.747 +08:00 [DBG] Execution plan of authorization filters (in the following order): ["Microsoft.AspNetCore.Mvc.ViewFeatures.Filters.AutoValidateAntiforgeryTokenAuthorizationFilter"]
2023-05-31 15:30:24.753 +08:00 [DBG] Execution plan of resource filters (in the following order): ["Microsoft.AspNetCore.Mvc.ViewFeatures.Filters.SaveTempDataFilter"]
2023-05-31 15:30:24.755 +08:00 [DBG] Execution plan of action filters (in the following order): ["Microsoft.AspNetCore.Mvc.ModelBinding.UnsupportedContentTypeFilter (Order: -3000)"]
2023-05-31 15:30:24.756 +08:00 [DBG] Execution plan of exception filters (in the following order): ["None"]
2023-05-31 15:30:24.758 +08:00 [DBG] Execution plan of result filters (in the following order): ["Microsoft.AspNetCore.Mvc.ViewFeatures.Filters.SaveTempDataFilter"]
2023-05-31 15:30:24.760 +08:00 [VRB] Authorization Filter: Before executing OnAuthorizationAsync on filter Microsoft.AspNetCore.Mvc.ViewFeatures.Filters.AutoValidateAntiforgeryTokenAuthorizationFilter.
2023-05-31 15:30:24.762 +08:00 [VRB] Authorization Filter: After executing OnAuthorizationAsync on filter Microsoft.AspNetCore.Mvc.ViewFeatures.Filters.AutoValidateAntiforgeryTokenAuthorizationFilter.
2023-05-31 15:30:24.764 +08:00 [VRB] Resource Filter: Before executing OnResourceExecuting on filter Microsoft.AspNetCore.Mvc.ViewFeatures.Filters.SaveTempDataFilter.
2023-05-31 15:30:24.768 +08:00 [VRB] Resource Filter: After executing OnResourceExecuting on filter Microsoft.AspNetCore.Mvc.ViewFeatures.Filters.SaveTempDataFilter.
2023-05-31 15:30:24.771 +08:00 [DBG] Executing page factory for page BlazorApp1.Pages.Pages__Host (BlazorApp1)
2023-05-31 15:30:24.781 +08:00 [DBG] Executed page factory for page BlazorApp1.Pages.Pages__Host (BlazorApp1)
2023-05-31 15:30:24.784 +08:00 [VRB] Page Filter: Before executing OnPageHandlerSelected on filter Microsoft.AspNetCore.Mvc.RazorPages.Infrastructure.HandleOptionsRequestsPageFilter.
2023-05-31 15:30:24.785 +08:00 [VRB] Page Filter: Before executing OnPageHandlerExecuting on filter Microsoft.AspNetCore.Mvc.RazorPages.Infrastructure.HandleOptionsRequestsPageFilter.
2023-05-31 15:30:24.788 +08:00 [VRB] Page Filter: After executing OnPageHandlerExecuting on filter Microsoft.AspNetCore.Mvc.RazorPages.Infrastructure.HandleOptionsRequestsPageFilter.
2023-05-31 15:30:24.797 +08:00 [INF] Executing an implicit handler method - ModelState is "Valid"
2023-05-31 15:30:24.798 +08:00 [INF] Executed an implicit handler method, returned result Microsoft.AspNetCore.Mvc.RazorPages.PageResult.
2023-05-31 15:30:24.799 +08:00 [VRB] Page Filter: Before executing OnPageHandlerExecuted on filter Microsoft.AspNetCore.Mvc.RazorPages.Infrastructure.HandleOptionsRequestsPageFilter.
2023-05-31 15:30:24.800 +08:00 [VRB] Page Filter: After executing OnPageHandlerExecuted on filter Microsoft.AspNetCore.Mvc.RazorPages.Infrastructure.HandleOptionsRequestsPageFilter.
2023-05-31 15:30:24.801 +08:00 [VRB] Result Filter: Before executing OnResultExecuting on filter Microsoft.AspNetCore.Mvc.ViewFeatures.Filters.SaveTempDataFilter.
2023-05-31 15:30:24.805 +08:00 [VRB] Result Filter: After executing OnResultExecuting on filter Microsoft.AspNetCore.Mvc.ViewFeatures.Filters.SaveTempDataFilter.
2023-05-31 15:30:24.808 +08:00 [VRB] Before executing action result Microsoft.AspNetCore.Mvc.RazorPages.PageResult.
2023-05-31 15:30:24.960 +08:00 [VRB] Performing protect operation to key {6df9717c-296b-40fb-b626-4b254ee8becf} with purposes ('E:\项目代码\学习代码\StuSolution\BlazorApp1\', 'Microsoft.AspNetCore.Components.ComponentDescriptorSerializer,V1', 'Microsoft.AspNetCore.DataProtection.TimeLimitedDataProtector.v1').
2023-05-31 15:30:24.972 +08:00 [DBG] Initializing root component 0 (BlazorApp1.App)
2023-05-31 15:30:24.978 +08:00 [DBG] Rendering component 0 of type BlazorApp1.App
2023-05-31 15:30:24.988 +08:00 [DBG] Initializing component 1 (Microsoft.AspNetCore.Components.Routing.Router) as child of BlazorApp1.App (BlazorApp1.App)
2023-05-31 15:30:24.997 +08:00 [DBG] Navigating to component BlazorApp1.Pages.Index in response to path '' with base URI 'https://localhost:7171/'
2023-05-31 15:30:24.999 +08:00 [DBG] Navigating to component BlazorApp1.Pages.Index in response to path '' with base URI 'https://localhost:7171/'
2023-05-31 15:30:25.002 +08:00 [DBG] Rendering component 1 of type Microsoft.AspNetCore.Components.Routing.Router
2023-05-31 15:30:25.004 +08:00 [DBG] Initializing component 2 (Microsoft.AspNetCore.Components.RouteView) as child of Microsoft.AspNetCore.Components.Routing.Router (Microsoft.AspNetCore.Components.Routing.Router)
2023-05-31 15:30:25.008 +08:00 [DBG] Initializing component 3 (Microsoft.AspNetCore.Components.Routing.FocusOnNavigate) as child of Microsoft.AspNetCore.Components.Routing.Router (Microsoft.AspNetCore.Components.Routing.Router)
2023-05-31 15:30:25.010 +08:00 [DBG] Rendering component 1 of type Microsoft.AspNetCore.Components.Routing.Router
2023-05-31 15:30:25.011 +08:00 [DBG] Rendering component 2 of type Microsoft.AspNetCore.Components.RouteView
2023-05-31 15:30:25.012 +08:00 [DBG] Initializing component 4 (Microsoft.AspNetCore.Components.LayoutView) as child of Microsoft.AspNetCore.Components.RouteView (Microsoft.AspNetCore.Components.RouteView)
2023-05-31 15:30:25.014 +08:00 [DBG] Rendering component 3 of type Microsoft.AspNetCore.Components.Routing.FocusOnNavigate
2023-05-31 15:30:25.015 +08:00 [DBG] Rendering component 2 of type Microsoft.AspNetCore.Components.RouteView
2023-05-31 15:30:25.016 +08:00 [DBG] Rendering component 4 of type Microsoft.AspNetCore.Components.LayoutView
2023-05-31 15:30:25.016 +08:00 [DBG] Initializing component 5 (BlazorApp1.Shared.MainLayout) as child of Microsoft.AspNetCore.Components.LayoutView (Microsoft.AspNetCore.Components.LayoutView)
2023-05-31 15:30:25.018 +08:00 [DBG] Rendering component 4 of type Microsoft.AspNetCore.Components.LayoutView
2023-05-31 15:30:25.018 +08:00 [DBG] Rendering component 5 of type BlazorApp1.Shared.MainLayout
2023-05-31 15:30:25.021 +08:00 [DBG] Initializing component 6 (Microsoft.AspNetCore.Components.Web.PageTitle) as child of BlazorApp1.Shared.MainLayout (BlazorApp1.Shared.MainLayout)
2023-05-31 15:30:25.022 +08:00 [DBG] Initializing component 7 (BlazorApp1.Shared.NavMenu) as child of BlazorApp1.Shared.MainLayout (BlazorApp1.Shared.MainLayout)
2023-05-31 15:30:25.025 +08:00 [DBG] Initializing component 8 (BlazorApp1.Pages.Index) as child of BlazorApp1.Shared.MainLayout (BlazorApp1.Shared.MainLayout)
2023-05-31 15:30:25.026 +08:00 [DBG] Rendering component 6 of type Microsoft.AspNetCore.Components.Web.PageTitle
2023-05-31 15:30:25.027 +08:00 [DBG] Initializing component 9 (Microsoft.AspNetCore.Components.Sections.SectionContent) as child of Microsoft.AspNetCore.Components.Web.PageTitle (Microsoft.AspNetCore.Components.Web.PageTitle)
2023-05-31 15:30:25.029 +08:00 [DBG] Rendering component 7 of type BlazorApp1.Shared.NavMenu
2023-05-31 15:30:25.034 +08:00 [DBG] Initializing component 10 (Microsoft.AspNetCore.Components.Routing.NavLink) as child of BlazorApp1.Shared.NavMenu (BlazorApp1.Shared.NavMenu)
2023-05-31 15:30:25.037 +08:00 [DBG] Initializing component 11 (Microsoft.AspNetCore.Components.Routing.NavLink) as child of BlazorApp1.Shared.NavMenu (BlazorApp1.Shared.NavMenu)
2023-05-31 15:30:25.038 +08:00 [DBG] Initializing component 12 (Microsoft.AspNetCore.Components.Routing.NavLink) as child of BlazorApp1.Shared.NavMenu (BlazorApp1.Shared.NavMenu)
2023-05-31 15:30:25.042 +08:00 [DBG] Rendering component 8 of type BlazorApp1.Pages.Index
2023-05-31 15:30:25.043 +08:00 [DBG] Initializing component 13 (Microsoft.AspNetCore.Components.Web.PageTitle) as child of BlazorApp1.Pages.Index (BlazorApp1.Pages.Index)
2023-05-31 15:30:25.044 +08:00 [DBG] Initializing component 14 (BlazorApp1.Shared.SurveyPrompt) as child of BlazorApp1.Pages.Index (BlazorApp1.Pages.Index)
2023-05-31 15:30:25.045 +08:00 [DBG] Rendering component 10 of type Microsoft.AspNetCore.Components.Routing.NavLink
2023-05-31 15:30:25.047 +08:00 [DBG] Rendering component 11 of type Microsoft.AspNetCore.Components.Routing.NavLink
2023-05-31 15:30:25.047 +08:00 [DBG] Rendering component 12 of type Microsoft.AspNetCore.Components.Routing.NavLink
2023-05-31 15:30:25.048 +08:00 [DBG] Rendering component 13 of type Microsoft.AspNetCore.Components.Web.PageTitle
2023-05-31 15:30:25.049 +08:00 [DBG] Initializing component 15 (Microsoft.AspNetCore.Components.Sections.SectionContent) as child of Microsoft.AspNetCore.Components.Web.PageTitle (Microsoft.AspNetCore.Components.Web.PageTitle)
2023-05-31 15:30:25.050 +08:00 [DBG] Rendering component 14 of type BlazorApp1.Shared.SurveyPrompt
2023-05-31 15:30:25.078 +08:00 [DBG] View lookup cache miss for view '_Layout' in controller 'null'.
2023-05-31 15:30:25.081 +08:00 [VRB] Located compiled view for view at path '/Pages/_Layout.cshtml'.
2023-05-31 15:30:25.095 +08:00 [VRB] Performing protect operation to key {6df9717c-296b-40fb-b626-4b254ee8becf} with purposes ('E:\项目代码\学习代码\StuSolution\BlazorApp1\', 'Microsoft.AspNetCore.Components.ComponentDescriptorSerializer,V1', 'Microsoft.AspNetCore.DataProtection.TimeLimitedDataProtector.v1').
2023-05-31 15:30:25.097 +08:00 [DBG] Initializing root component 16 (Microsoft.AspNetCore.Components.Web.HeadOutlet)
2023-05-31 15:30:25.098 +08:00 [DBG] Rendering component 16 of type Microsoft.AspNetCore.Components.Web.HeadOutlet
2023-05-31 15:30:25.099 +08:00 [DBG] Initializing component 17 (Microsoft.AspNetCore.Components.Sections.SectionOutlet) as child of Microsoft.AspNetCore.Components.Web.HeadOutlet (Microsoft.AspNetCore.Components.Web.HeadOutlet)
2023-05-31 15:30:25.101 +08:00 [DBG] Initializing component 18 (Microsoft.AspNetCore.Components.Sections.SectionOutlet) as child of Microsoft.AspNetCore.Components.Web.HeadOutlet (Microsoft.AspNetCore.Components.Web.HeadOutlet)
2023-05-31 15:30:25.103 +08:00 [DBG] Rendering component 17 of type Microsoft.AspNetCore.Components.Sections.SectionOutlet
2023-05-31 15:30:25.104 +08:00 [DBG] Rendering component 17 of type Microsoft.AspNetCore.Components.Sections.SectionOutlet
2023-05-31 15:30:25.105 +08:00 [DBG] Rendering component 18 of type Microsoft.AspNetCore.Components.Sections.SectionOutlet
2023-05-31 15:30:25.106 +08:00 [DBG] Rendering component 18 of type Microsoft.AspNetCore.Components.Sections.SectionOutlet
2023-05-31 15:30:25.122 +08:00 [DBG] Response markup is scheduled to include browser refresh script injection.
2023-05-31 15:30:25.131 +08:00 [VRB] Connection id "0HMR1L3IRMR3J" sending "HEADERS" frame for stream ID 1 with length 98 and flags "END_HEADERS".
2023-05-31 15:30:25.243 +08:00 [VRB] After executing action result Microsoft.AspNetCore.Mvc.RazorPages.PageResult.
2023-05-31 15:30:25.246 +08:00 [VRB] Result Filter: Before executing OnResultExecuted on filter Microsoft.AspNetCore.Mvc.ViewFeatures.Filters.SaveTempDataFilter.
2023-05-31 15:30:25.247 +08:00 [VRB] Result Filter: After executing OnResultExecuted on filter Microsoft.AspNetCore.Mvc.ViewFeatures.Filters.SaveTempDataFilter.
2023-05-31 15:30:25.250 +08:00 [VRB] Resource Filter: Before executing OnResourceExecuted on filter Microsoft.AspNetCore.Mvc.ViewFeatures.Filters.SaveTempDataFilter.
2023-05-31 15:30:25.251 +08:00 [VRB] Resource Filter: After executing OnResourceExecuted on filter Microsoft.AspNetCore.Mvc.ViewFeatures.Filters.SaveTempDataFilter.
2023-05-31 15:30:25.258 +08:00 [INF] Executed page /_Host in 493.8327ms
2023-05-31 15:30:25.260 +08:00 [INF] Executed endpoint '/_Host'
2023-05-31 15:30:25.285 +08:00 [VRB] Connection id "0HMR1L3IRMR3J" sending "DATA" frame for stream ID 1 with length 1024 and flags "NONE".
2023-05-31 15:30:25.289 +08:00 [VRB] Connection id "0HMR1L3IRMR3J" sending "DATA" frame for stream ID 1 with length 1024 and flags "NONE".
2023-05-31 15:30:25.294 +08:00 [VRB] Connection id "0HMR1L3IRMR3J" sending "DATA" frame for stream ID 1 with length 1024 and flags "NONE".
2023-05-31 15:30:25.296 +08:00 [VRB] Connection id "0HMR1L3IRMR3J" sending "DATA" frame for stream ID 1 with length 832 and flags "NONE".
2023-05-31 15:30:25.297 +08:00 [VRB] Connection id "0HMR1L3IRMR3J" sending "DATA" frame for stream ID 1 with length 65 and flags "NONE".
2023-05-31 15:30:25.299 +08:00 [VRB] Connection id "0HMR1L3IRMR3J" sending "DATA" frame for stream ID 1 with length 18 and flags "NONE".
2023-05-31 15:30:25.306 +08:00 [DBG] Response markup was updated to include browser refresh script injection.
2023-05-31 15:30:25.308 +08:00 [VRB] Connection id "0HMR1L3IRMR3J" sending "DATA" frame for stream ID 1 with length 0 and flags "END_STREAM".
2023-05-31 15:30:25.312 +08:00 [DBG] Disposing component 0 of type BlazorApp1.App
2023-05-31 15:30:25.313 +08:00 [DBG] Disposing component 1 of type Microsoft.AspNetCore.Components.Routing.Router
2023-05-31 15:30:25.315 +08:00 [DBG] Disposing component 2 of type Microsoft.AspNetCore.Components.RouteView
2023-05-31 15:30:25.316 +08:00 [DBG] Disposing component 3 of type Microsoft.AspNetCore.Components.Routing.FocusOnNavigate
2023-05-31 15:30:25.316 +08:00 [VRB] Connection id "0HMR1L3IRMR3J" received "HEADERS" frame for stream ID 3 with length 99 and flags "END_STREAM, END_HEADERS, PRIORITY".
2023-05-31 15:30:25.317 +08:00 [DBG] Disposing component 4 of type Microsoft.AspNetCore.Components.LayoutView
2023-05-31 15:30:25.321 +08:00 [VRB] Connection id "0HMR1L3IRMR3J" received "HEADERS" frame for stream ID 5 with length 30 and flags "END_STREAM, END_HEADERS, PRIORITY".
2023-05-31 15:30:25.321 +08:00 [INF] Request starting HTTP/2 GET https://localhost:7171/css/bootstrap/bootstrap.min.css - -
2023-05-31 15:30:25.321 +08:00 [DBG] Disposing component 5 of type BlazorApp1.Shared.MainLayout
2023-05-31 15:30:25.323 +08:00 [VRB] Connection id "0HMR1L3IRMR3J" received "HEADERS" frame for stream ID 7 with length 37 and flags "END_STREAM, END_HEADERS, PRIORITY".
2023-05-31 15:30:25.323 +08:00 [INF] Request starting HTTP/2 GET https://localhost:7171/css/site.css - -
2023-05-31 15:30:25.324 +08:00 [DBG] Disposing component 6 of type Microsoft.AspNetCore.Components.Web.PageTitle
2023-05-31 15:30:25.324 +08:00 [VRB] All hosts are allowed.
2023-05-31 15:30:25.326 +08:00 [VRB] Connection id "0HMR1L3IRMR3J" received "HEADERS" frame for stream ID 9 with length 52 and flags "END_STREAM, END_HEADERS, PRIORITY".
2023-05-31 15:30:25.326 +08:00 [INF] Request starting HTTP/2 GET https://localhost:7171/BlazorApp1.styles.css - -
2023-05-31 15:30:25.327 +08:00 [DBG] Disposing component 7 of type BlazorApp1.Shared.NavMenu
2023-05-31 15:30:25.327 +08:00 [VRB] All hosts are allowed.
2023-05-31 15:30:25.328 +08:00 [DBG] The host 'localhost' is excluded. Skipping HSTS header.
2023-05-31 15:30:25.330 +08:00 [VRB] Connection id "0HMR1L3IRMR3J" received "HEADERS" frame for stream ID 11 with length 51 and flags "END_STREAM, END_HEADERS, PRIORITY".
2023-05-31 15:30:25.330 +08:00 [INF] Request starting HTTP/2 GET https://localhost:7171/_framework/blazor.server.js - -
2023-05-31 15:30:25.331 +08:00 [DBG] Disposing component 8 of type BlazorApp1.Pages.Index
2023-05-31 15:30:25.335 +08:00 [DBG] The host 'localhost' is excluded. Skipping HSTS header.
2023-05-31 15:30:25.331 +08:00 [VRB] All hosts are allowed.
2023-05-31 15:30:25.337 +08:00 [VRB] Connection id "0HMR1L3IRMR3J" received "HEADERS" frame for stream ID 13 with length 33 and flags "END_STREAM, END_HEADERS, PRIORITY".
2023-05-31 15:30:25.337 +08:00 [INF] Request starting HTTP/2 GET https://localhost:7171/_framework/aspnetcore-browser-refresh.js - -
2023-05-31 15:30:25.342 +08:00 [INF] Request starting HTTP/2 GET https://localhost:7171/_vs/browserLink - -
2023-05-31 15:30:25.338 +08:00 [VRB] All hosts are allowed.
2023-05-31 15:30:25.339 +08:00 [DBG] Disposing component 9 of type Microsoft.AspNetCore.Components.Sections.SectionContent
2023-05-31 15:30:25.339 +08:00 [VRB] Range header's value is empty.
2023-05-31 15:30:25.340 +08:00 [DBG] The host 'localhost' is excluded. Skipping HSTS header.
2023-05-31 15:30:25.339 +08:00 [VRB] Range header's value is empty.
2023-05-31 15:30:25.353 +08:00 [VRB] Connection id "0HMR1L3IRMR3J" sending "HEADERS" frame for stream ID 11 with length 60 and flags "END_HEADERS".
2023-05-31 15:30:25.351 +08:00 [DBG] The host 'localhost' is excluded. Skipping HSTS header.
2023-05-31 15:30:25.352 +08:00 [DBG] Disposing component 10 of type Microsoft.AspNetCore.Components.Routing.NavLink
2023-05-31 15:30:25.353 +08:00 [DBG] The request path /BlazorApp1.styles.css does not match an existing file
2023-05-31 15:30:25.370 +08:00 [VRB] Connection id "0HMR1L3IRMR3J" sending "DATA" frame for stream ID 11 with length 11989 and flags "NONE".
2023-05-31 15:30:25.370 +08:00 [VRB] Range header's value is empty.
2023-05-31 15:30:25.371 +08:00 [DBG] Disposing component 11 of type Microsoft.AspNetCore.Components.Routing.NavLink
2023-05-31 15:30:25.373 +08:00 [VRB] Connection id "0HMR1L3IRMR3J" sending "DATA" frame for stream ID 11 with length 0 and flags "END_STREAM".
2023-05-31 15:30:25.373 +08:00 [DBG] 1 candidate(s) found for the request path '/BlazorApp1.styles.css'
2023-05-31 15:30:25.374 +08:00 [DBG] Disposing component 12 of type Microsoft.AspNetCore.Components.Routing.NavLink
2023-05-31 15:30:25.376 +08:00 [VRB] Connection id "0HMR1L3IRMR3J" sending "HEADERS" frame for stream ID 9 with length 103 and flags "END_HEADERS".
2023-05-31 15:30:25.376 +08:00 [INF] Request finished HTTP/2 GET https://localhost:7171/_framework/aspnetcore-browser-refresh.js - - - 200 11989 application/javascript;+charset=utf-8 38.6284ms
2023-05-31 15:30:25.378 +08:00 [DBG] Disposing component 13 of type Microsoft.AspNetCore.Components.Web.PageTitle
2023-05-31 15:30:25.383 +08:00 [DBG] Endpoint 'Fallback {*path:nonfile}' with route pattern '{*path:nonfile}' was rejected by constraint 'path':'Microsoft.AspNetCore.Routing.Constraints.NonFileNameRouteConstraint' with value 'BlazorApp1.styles.css' for the request path '/BlazorApp1.styles.css'
2023-05-31 15:30:25.387 +08:00 [DBG] Disposing component 14 of type BlazorApp1.Shared.SurveyPrompt
2023-05-31 15:30:25.381 +08:00 [VRB] Connection id "0HMR1L3IRMR3J" sending "HEADERS" frame for stream ID 3 with length 74 and flags "END_HEADERS".
2023-05-31 15:30:25.391 +08:00 [DBG] Endpoint 'Fallback {*path:nonfile}' with route pattern '{*path:nonfile}' is not valid for the request path '/BlazorApp1.styles.css'
2023-05-31 15:30:25.392 +08:00 [DBG] Disposing component 15 of type Microsoft.AspNetCore.Components.Sections.SectionContent
2023-05-31 15:30:25.394 +08:00 [VRB] Connection id "0HMR1L3IRMR3J" sending "DATA" frame for stream ID 9 with length 16384 and flags "NONE".
2023-05-31 15:30:25.395 +08:00 [DBG] Request did not match any endpoints
2023-05-31 15:30:25.398 +08:00 [DBG] Disposing component 16 of type Microsoft.AspNetCore.Components.Web.HeadOutlet
2023-05-31 15:30:25.400 +08:00 [VRB] Connection id "0HMR1L3IRMR3J" sending "DATA" frame for stream ID 9 with length 16384 and flags "NONE".
2023-05-31 15:30:25.401 +08:00 [DBG] Disposing component 17 of type Microsoft.AspNetCore.Components.Sections.SectionOutlet
2023-05-31 15:30:25.402 +08:00 [VRB] Connection id "0HMR1L3IRMR3J" sending "DATA" frame for stream ID 9 with length 16384 and flags "NONE".
2023-05-31 15:30:25.404 +08:00 [VRB] Connection id "0HMR1L3IRMR3J" sending "DATA" frame for stream ID 9 with length 16384 and flags "NONE".
2023-05-31 15:30:25.403 +08:00 [DBG] Disposing component 18 of type Microsoft.AspNetCore.Components.Sections.SectionOutlet
2023-05-31 15:30:25.406 +08:00 [VRB] Connection id "0HMR1L3IRMR3J" sending "HEADERS" frame for stream ID 7 with length 7 and flags "END_STREAM, END_HEADERS".
2023-05-31 15:30:25.407 +08:00 [VRB] Connection id "0HMR1L3IRMR3J" sending "DATA" frame for stream ID 3 with length 16384 and flags "NONE".
2023-05-31 15:30:25.408 +08:00 [INF] Request finished HTTP/2 GET https://localhost:7171/ - - - 200 - text/html;+charset=utf-8 764.1069ms
2023-05-31 15:30:25.409 +08:00 [VRB] Connection id "0HMR1L3IRMR3J" sending "HEADERS" frame for stream ID 5 with length 33 and flags "END_HEADERS".
2023-05-31 15:30:25.413 +08:00 [VRB] Connection id "0HMR1L3IRMR3J" sending "HEADERS" frame for stream ID 13 with length 149 and flags "END_HEADERS".
2023-05-31 15:30:25.416 +08:00 [VRB] Connection id "0HMR1L3IRMR3J" sending "DATA" frame for stream ID 9 with length 16384 and flags "NONE".
2023-05-31 15:30:25.418 +08:00 [VRB] Connection id "0HMR1L3IRMR3J" sending "DATA" frame for stream ID 9 with length 16384 and flags "NONE".
2023-05-31 15:30:25.419 +08:00 [VRB] Connection id "0HMR1L3IRMR3J" sending "DATA" frame for stream ID 9 with length 16384 and flags "NONE".
2023-05-31 15:30:25.420 +08:00 [VRB] Connection id "0HMR1L3IRMR3J" sending "DATA" frame for stream ID 9 with length 16384 and flags "NONE".
2023-05-31 15:30:25.422 +08:00 [VRB] Connection id "0HMR1L3IRMR3J" sending "DATA" frame for stream ID 3 with length 16384 and flags "NONE".
2023-05-31 15:30:25.422 +08:00 [INF] Request finished HTTP/2 GET https://localhost:7171/BlazorApp1.styles.css - - - 404 0 - 96.1756ms
2023-05-31 15:30:25.424 +08:00 [VRB] Connection id "0HMR1L3IRMR3J" sending "DATA" frame for stream ID 5 with length 2810 and flags "NONE".
2023-05-31 15:30:25.425 +08:00 [VRB] Connection id "0HMR1L3IRMR3J" sending "DATA" frame for stream ID 13 with length 9986 and flags "NONE".
2023-05-31 15:30:25.428 +08:00 [VRB] Connection id "0HMR1L3IRMR3J" sending "DATA" frame for stream ID 9 with length 1104 and flags "NONE".
2023-05-31 15:30:25.430 +08:00 [VRB] Connection id "0HMR1L3IRMR3J" sending "DATA" frame for stream ID 3 with length 16384 and flags "NONE".
2023-05-31 15:30:25.430 +08:00 [INF] Sending file. Request path: '/_framework/blazor.server.js'. Physical path: 'N/A'
2023-05-31 15:30:25.429 +08:00 [INF] Sending file. Request path: '/css/site.css'. Physical path: 'E:\项目代码\学习代码\StuSolution\BlazorApp1\wwwroot\css\site.css'
2023-05-31 15:30:25.431 +08:00 [VRB] Connection id "0HMR1L3IRMR3J" sending "DATA" frame for stream ID 13 with length 10240 and flags "NONE".
2023-05-31 15:30:25.434 +08:00 [VRB] Connection id "0HMR1L3IRMR3J" sending "DATA" frame for stream ID 13 with length 10240 and flags "NONE".
2023-05-31 15:30:25.436 +08:00 [VRB] Connection id "0HMR1L3IRMR3J" sending "DATA" frame for stream ID 13 with length 10240 and flags "NONE".
2023-05-31 15:30:25.437 +08:00 [VRB] Connection id "0HMR1L3IRMR3J" sending "DATA" frame for stream ID 5 with length 0 and flags "END_STREAM".
2023-05-31 15:30:25.438 +08:00 [VRB] Connection id "0HMR1L3IRMR3J" sending "DATA" frame for stream ID 3 with length 16384 and flags "NONE".
2023-05-31 15:30:25.438 +08:00 [INF] Request finished HTTP/2 GET https://localhost:7171/css/site.css - - - 200 2810 text/css 114.6652ms
2023-05-31 15:30:25.439 +08:00 [VRB] Connection id "0HMR1L3IRMR3J" sending "DATA" frame for stream ID 9 with length 0 and flags "END_STREAM".
2023-05-31 15:30:25.440 +08:00 [VRB] Connection id "0HMR1L3IRMR3J" received "HEADERS" frame for stream ID 15 with length 84 and flags "END_STREAM, END_HEADERS, PRIORITY".
2023-05-31 15:30:25.441 +08:00 [VRB] Connection id "0HMR1L3IRMR3J" sending "DATA" frame for stream ID 13 with length 10240 and flags "NONE".
2023-05-31 15:30:25.441 +08:00 [INF] Request finished HTTP/2 GET https://localhost:7171/_framework/blazor.server.js - - - 200 132176 application/javascript 110.9490ms
2023-05-31 15:30:25.445 +08:00 [VRB] Connection id "0HMR1L3IRMR3J" sending "DATA" frame for stream ID 13 with length 10240 and flags "NONE".
2023-05-31 15:30:25.447 +08:00 [INF] Request starting HTTP/2 GET https://localhost:7171/css/open-iconic/font/css/open-iconic-bootstrap.min.css - -
2023-05-31 15:30:25.447 +08:00 [VRB] Connection id "0HMR1L3IRMR3J" sending "DATA" frame for stream ID 3 with length 16384 and flags "NONE".
2023-05-31 15:30:25.448 +08:00 [VRB] All hosts are allowed.
2023-05-31 15:30:25.449 +08:00 [VRB] Connection id "0HMR1L3IRMR3J" sending "DATA" frame for stream ID 13 with length 10240 and flags "NONE".
2023-05-31 15:30:25.454 +08:00 [DBG] The host 'localhost' is excluded. Skipping HSTS header.
2023-05-31 15:30:25.456 +08:00 [VRB] Connection id "0HMR1L3IRMR3J" sending "DATA" frame for stream ID 3 with length 16384 and flags "NONE".
2023-05-31 15:30:25.456 +08:00 [VRB] Range header's value is empty.
2023-05-31 15:30:25.458 +08:00 [VRB] Connection id "0HMR1L3IRMR3J" sending "DATA" frame for stream ID 13 with length 10240 and flags "NONE".
2023-05-31 15:30:25.460 +08:00 [VRB] Connection id "0HMR1L3IRMR3J" sending "DATA" frame for stream ID 13 with length 10240 and flags "NONE".
2023-05-31 15:30:25.462 +08:00 [VRB] Connection id "0HMR1L3IRMR3J" sending "DATA" frame for stream ID 3 with length 16384 and flags "NONE".
2023-05-31 15:30:25.463 +08:00 [VRB] Connection id "0HMR1L3IRMR3J" sending "DATA" frame for stream ID 3 with length 16384 and flags "NONE".
2023-05-31 15:30:25.464 +08:00 [VRB] Connection id "0HMR1L3IRMR3J" sending "DATA" frame for stream ID 13 with length 10240 and flags "NONE".
2023-05-31 15:30:25.466 +08:00 [VRB] Connection id "0HMR1L3IRMR3J" sending "DATA" frame for stream ID 3 with length 16384 and flags "NONE".
2023-05-31 15:30:25.467 +08:00 [VRB] Connection id "0HMR1L3IRMR3J" sending "HEADERS" frame for stream ID 15 with length 33 and flags "END_HEADERS".
2023-05-31 15:30:25.469 +08:00 [VRB] Connection id "0HMR1L3IRMR3J" sending "DATA" frame for stream ID 15 with length 9395 and flags "NONE".
2023-05-31 15:30:25.470 +08:00 [INF] Sending file. Request path: '/css/open-iconic/font/css/open-iconic-bootstrap.min.css'. Physical path: 'E:\项目代码\学习代码\StuSolution\BlazorApp1\wwwroot\css\open-iconic\font\css\open-iconic-bootstrap.min.css'
2023-05-31 15:30:25.470 +08:00 [VRB] Connection id "0HMR1L3IRMR3J" sending "DATA" frame for stream ID 3 with length 15264 and flags "NONE".
2023-05-31 15:30:25.472 +08:00 [VRB] Connection id "0HMR1L3IRMR3J" sending "DATA" frame for stream ID 13 with length 10240 and flags "NONE".
2023-05-31 15:30:25.472 +08:00 [INF] Sending file. Request path: '/css/bootstrap/bootstrap.min.css'. Physical path: 'E:\项目代码\学习代码\StuSolution\BlazorApp1\wwwroot\css\bootstrap\bootstrap.min.css'
2023-05-31 15:30:25.474 +08:00 [VRB] Connection id "0HMR1L3IRMR3J" sending "DATA" frame for stream ID 15 with length 0 and flags "END_STREAM".
2023-05-31 15:30:25.478 +08:00 [VRB] Connection id "0HMR1L3IRMR3J" sending "DATA" frame for stream ID 13 with length 10240 and flags "NONE".
2023-05-31 15:30:25.478 +08:00 [INF] Request finished HTTP/2 GET https://localhost:7171/css/open-iconic/font/css/open-iconic-bootstrap.min.css - - - 200 9395 text/css 31.5103ms
2023-05-31 15:30:25.479 +08:00 [VRB] Connection id "0HMR1L3IRMR3J" sending "DATA" frame for stream ID 13 with length 10240 and flags "NONE".
2023-05-31 15:30:25.481 +08:00 [VRB] Connection id "0HMR1L3IRMR3J" sending "DATA" frame for stream ID 3 with length 0 and flags "END_STREAM".
2023-05-31 15:30:25.483 +08:00 [INF] Request finished HTTP/2 GET https://localhost:7171/css/bootstrap/bootstrap.min.css - - - 200 162720 text/css 161.2295ms
2023-05-31 15:30:25.483 +08:00 [VRB] Connection id "0HMR1L3IRMR3J" sending "DATA" frame for stream ID 13 with length 10240 and flags "NONE".
2023-05-31 15:30:25.484 +08:00 [VRB] Connection id "0HMR1L3IRMR3J" sending "DATA" frame for stream ID 13 with length 10240 and flags "NONE".
2023-05-31 15:30:25.486 +08:00 [VRB] Connection id "0HMR1L3IRMR3J" sending "DATA" frame for stream ID 13 with length 10240 and flags "NONE".
2023-05-31 15:30:25.487 +08:00 [VRB] Connection id "0HMR1L3IRMR3J" sending "DATA" frame for stream ID 13 with length 10240 and flags "NONE".
2023-05-31 15:30:25.490 +08:00 [VRB] Connection id "0HMR1L3IRMR3J" sending "DATA" frame for stream ID 13 with length 10240 and flags "NONE".
2023-05-31 15:30:25.494 +08:00 [VRB] Connection id "0HMR1L3IRMR3J" sending "DATA" frame for stream ID 13 with length 10240 and flags "NONE".
2023-05-31 15:30:25.494 +08:00 [VRB] Connection id "0HMR1L3IRMR3J" received "HEADERS" frame for stream ID 17 with length 56 and flags "END_STREAM, END_HEADERS, PRIORITY".
2023-05-31 15:30:25.495 +08:00 [VRB] Connection id "0HMR1L3IRMR3J" sending "DATA" frame for stream ID 13 with length 10240 and flags "NONE".
2023-05-31 15:30:25.497 +08:00 [INF] Request starting HTTP/2 GET https://localhost:7171/_blazor/initializers - -
2023-05-31 15:30:25.498 +08:00 [VRB] Connection id "0HMR1L3IRMR3J" sending "DATA" frame for stream ID 13 with length 10240 and flags "NONE".
2023-05-31 15:30:25.498 +08:00 [VRB] All hosts are allowed.
2023-05-31 15:30:25.499 +08:00 [VRB] Connection id "0HMR1L3IRMR3J" sending "DATA" frame for stream ID 13 with length 10240 and flags "NONE".
2023-05-31 15:30:25.500 +08:00 [DBG] The host 'localhost' is excluded. Skipping HSTS header.
2023-05-31 15:30:25.501 +08:00 [VRB] Connection id "0HMR1L3IRMR3J" sending "DATA" frame for stream ID 13 with length 10240 and flags "NONE".
2023-05-31 15:30:25.502 +08:00 [DBG] The request path /_blazor/initializers does not match a supported file type
2023-05-31 15:30:25.504 +08:00 [VRB] Connection id "0HMR1L3IRMR3J" sending "DATA" frame for stream ID 13 with length 10240 and flags "NONE".
2023-05-31 15:30:25.507 +08:00 [DBG] 2 candidate(s) found for the request path '/_blazor/initializers'
2023-05-31 15:30:25.508 +08:00 [VRB] Connection id "0HMR1L3IRMR3J" sending "DATA" frame for stream ID 13 with length 10240 and flags "NONE".
2023-05-31 15:30:25.508 +08:00 [DBG] Endpoint 'Blazor initializers' with route pattern '/_blazor/initializers/' is valid for the request path '/_blazor/initializers'
2023-05-31 15:30:25.509 +08:00 [VRB] Connection id "0HMR1L3IRMR3J" sending "DATA" frame for stream ID 13 with length 10240 and flags "NONE".
2023-05-31 15:30:25.510 +08:00 [DBG] Endpoint 'Fallback {*path:nonfile}' with route pattern '{*path:nonfile}' is valid for the request path '/_blazor/initializers'
2023-05-31 15:30:25.511 +08:00 [VRB] Connection id "0HMR1L3IRMR3J" sending "DATA" frame for stream ID 13 with length 10240 and flags "NONE".
2023-05-31 15:30:25.513 +08:00 [DBG] Request matched endpoint 'Blazor initializers'
2023-05-31 15:30:25.514 +08:00 [VRB] Connection id "0HMR1L3IRMR3J" sending "DATA" frame for stream ID 13 with length 10240 and flags "NONE".
2023-05-31 15:30:25.514 +08:00 [INF] Executing endpoint 'Blazor initializers'
2023-05-31 15:30:25.516 +08:00 [VRB] Connection id "0HMR1L3IRMR3J" sending "DATA" frame for stream ID 13 with length 10240 and flags "NONE".
2023-05-31 15:30:25.520 +08:00 [VRB] Connection id "0HMR1L3IRMR3J" sending "DATA" frame for stream ID 13 with length 10240 and flags "NONE".
2023-05-31 15:30:25.524 +08:00 [VRB] Connection id "0HMR1L3IRMR3J" received "HEADERS" frame for stream ID 19 with length 135 and flags "END_STREAM, END_HEADERS, PRIORITY".
2023-05-31 15:30:25.524 +08:00 [VRB] Connection id "0HMR1L3IRMR3J" sending "DATA" frame for stream ID 13 with length 10240 and flags "NONE".
2023-05-31 15:30:25.526 +08:00 [INF] Request starting HTTP/2 GET https://localhost:7171/css/open-iconic/font/fonts/open-iconic.woff - -
2023-05-31 15:30:25.527 +08:00 [VRB] Connection id "0HMR1L3IRMR3J" sending "DATA" frame for stream ID 13 with length 10240 and flags "NONE".
2023-05-31 15:30:25.527 +08:00 [VRB] All hosts are allowed.
2023-05-31 15:30:25.528 +08:00 [VRB] Connection id "0HMR1L3IRMR3J" sending "HEADERS" frame for stream ID 17 with length 36 and flags "END_HEADERS".
2023-05-31 15:30:25.529 +08:00 [DBG] The host 'localhost' is excluded. Skipping HSTS header.
2023-05-31 15:30:25.530 +08:00 [VRB] Connection id "0HMR1L3IRMR3J" sending "DATA" frame for stream ID 17 with length 2 and flags "NONE".
2023-05-31 15:30:25.531 +08:00 [VRB] Range header's value is empty.
2023-05-31 15:30:25.532 +08:00 [VRB] Connection id "0HMR1L3IRMR3J" sending "DATA" frame for stream ID 13 with length 10240 and flags "NONE".
2023-05-31 15:30:25.532 +08:00 [INF] Executed endpoint 'Blazor initializers'
2023-05-31 15:30:25.541 +08:00 [VRB] Connection id "0HMR1L3IRMR3J" sending "HEADERS" frame for stream ID 19 with length 56 and flags "END_HEADERS".
2023-05-31 15:30:25.546 +08:00 [VRB] Connection id "0HMR1L3IRMR3J" sending "DATA" frame for stream ID 13 with length 10240 and flags "NONE".
2023-05-31 15:30:25.550 +08:00 [VRB] Connection id "0HMR1L3IRMR3J" sending "DATA" frame for stream ID 17 with length 0 and flags "END_STREAM".
2023-05-31 15:30:25.558 +08:00 [VRB] Connection id "0HMR1L3IRMR3J" sending "DATA" frame for stream ID 19 with length 14984 and flags "NONE".
2023-05-31 15:30:25.558 +08:00 [INF] Request finished HTTP/2 GET https://localhost:7171/_blazor/initializers - - - 200 - application/json;+charset=utf-8 61.0659ms
2023-05-31 15:30:25.560 +08:00 [INF] Sending file. Request path: '/css/open-iconic/font/fonts/open-iconic.woff'. Physical path: 'E:\项目代码\学习代码\StuSolution\BlazorApp1\wwwroot\css\open-iconic\font\fonts\open-iconic.woff'
2023-05-31 15:30:25.560 +08:00 [VRB] Connection id "0HMR1L3IRMR3J" sending "DATA" frame for stream ID 13 with length 10240 and flags "NONE".
2023-05-31 15:30:25.562 +08:00 [VRB] Connection id "0HMR1L3IRMR3J" sending "DATA" frame for stream ID 19 with length 0 and flags "END_STREAM".
2023-05-31 15:30:25.568 +08:00 [VRB] Connection id "0HMR1L3IRMR3J" sending "DATA" frame for stream ID 13 with length 10240 and flags "NONE".
2023-05-31 15:30:25.568 +08:00 [INF] Request finished HTTP/2 GET https://localhost:7171/css/open-iconic/font/fonts/open-iconic.woff - - - 200 14984 application/font-woff 42.1852ms
2023-05-31 15:30:25.578 +08:00 [VRB] Connection id "0HMR1L3IRMR3J" sending "DATA" frame for stream ID 13 with length 10240 and flags "NONE".
2023-05-31 15:30:25.581 +08:00 [VRB] Connection id "0HMR1L3IRMR3J" sending "DATA" frame for stream ID 13 with length 10240 and flags "NONE".
2023-05-31 15:30:25.583 +08:00 [VRB] Connection id "0HMR1L3IRMR3J" sending "DATA" frame for stream ID 13 with length 10240 and flags "NONE".
2023-05-31 15:30:25.586 +08:00 [VRB] Connection id "0HMR1L3IRMR3J" sending "DATA" frame for stream ID 13 with length 10240 and flags "NONE".
2023-05-31 15:30:25.588 +08:00 [VRB] Connection id "0HMR1L3IRMR3J" sending "DATA" frame for stream ID 13 with length 10240 and flags "NONE".
2023-05-31 15:30:25.589 +08:00 [VRB] Connection id "0HMR1L3IRMR3J" sending "DATA" frame for stream ID 13 with length 10240 and flags "NONE".
2023-05-31 15:30:25.591 +08:00 [VRB] Connection id "0HMR1L3IRMR3J" sending "DATA" frame for stream ID 13 with length 10240 and flags "NONE".
2023-05-31 15:30:25.591 +08:00 [VRB] Connection id "0HMR1L3IRMR3J" received "HEADERS" frame for stream ID 21 with length 174 and flags "END_STREAM, END_HEADERS, PRIORITY".
2023-05-31 15:30:25.592 +08:00 [VRB] Connection id "0HMR1L3IRMR3J" sending "DATA" frame for stream ID 13 with length 10240 and flags "NONE".
2023-05-31 15:30:25.594 +08:00 [INF] Request starting HTTP/2 POST https://localhost:7171/_blazor/negotiate?negotiateVersion=1 text/plain;charset=UTF-8 0
2023-05-31 15:30:25.598 +08:00 [VRB] Connection id "0HMR1L3IRMR3J" sending "DATA" frame for stream ID 13 with length 10240 and flags "NONE".
2023-05-31 15:30:25.602 +08:00 [VRB] All hosts are allowed.
2023-05-31 15:30:25.604 +08:00 [VRB] Connection id "0HMR1L3IRMR3J" sending "DATA" frame for stream ID 13 with length 10240 and flags "NONE".
2023-05-31 15:30:25.604 +08:00 [DBG] The host 'localhost' is excluded. Skipping HSTS header.
2023-05-31 15:30:25.606 +08:00 [VRB] Connection id "0HMR1L3IRMR3J" sending "DATA" frame for stream ID 13 with length 10240 and flags "NONE".
2023-05-31 15:30:25.607 +08:00 [DBG] POST requests are not supported
2023-05-31 15:30:25.608 +08:00 [VRB] Connection id "0HMR1L3IRMR3J" sending "DATA" frame for stream ID 13 with length 10240 and flags "NONE".
2023-05-31 15:30:25.610 +08:00 [DBG] 2 candidate(s) found for the request path '/_blazor/negotiate'
2023-05-31 15:30:25.612 +08:00 [VRB] Connection id "0HMR1L3IRMR3J" sending "DATA" frame for stream ID 13 with length 10240 and flags "NONE".
2023-05-31 15:30:25.614 +08:00 [DBG] Endpoint '/_blazor/negotiate' with route pattern '/_blazor/negotiate' is valid for the request path '/_blazor/negotiate'
2023-05-31 15:30:25.616 +08:00 [VRB] Connection id "0HMR1L3IRMR3J" sending "DATA" frame for stream ID 13 with length 10240 and flags "NONE".
2023-05-31 15:30:25.617 +08:00 [DBG] Endpoint 'Fallback {*path:nonfile}' with route pattern '{*path:nonfile}' is valid for the request path '/_blazor/negotiate'
2023-05-31 15:30:25.618 +08:00 [VRB] Connection id "0HMR1L3IRMR3J" sending "DATA" frame for stream ID 13 with length 10240 and flags "NONE".
2023-05-31 15:30:25.620 +08:00 [DBG] Request matched endpoint '/_blazor/negotiate'
2023-05-31 15:30:25.621 +08:00 [VRB] Connection id "0HMR1L3IRMR3J" sending "DATA" frame for stream ID 13 with length 10240 and flags "NONE".
2023-05-31 15:30:25.622 +08:00 [INF] Executing endpoint '/_blazor/negotiate'
2023-05-31 15:30:25.623 +08:00 [VRB] Connection id "0HMR1L3IRMR3J" sending "DATA" frame for stream ID 13 with length 10240 and flags "NONE".
2023-05-31 15:30:25.630 +08:00 [VRB] Connection id "0HMR1L3IRMR3J" sending "DATA" frame for stream ID 13 with length 10240 and flags "NONE".
2023-05-31 15:30:25.631 +08:00 [VRB] Connection id "0HMR1L3IRMR3J" sending "DATA" frame for stream ID 13 with length 10240 and flags "NONE".
2023-05-31 15:30:25.632 +08:00 [DBG] New connection mY8aqxNdMPuliQLbRNaCGQ created.
2023-05-31 15:30:25.633 +08:00 [VRB] Connection id "0HMR1L3IRMR3J" sending "DATA" frame for stream ID 13 with length 10240 and flags "NONE".
2023-05-31 15:30:25.635 +08:00 [VRB] Connection id "0HMR1L3IRMR3J" sending "DATA" frame for stream ID 13 with length 10240 and flags "NONE".
2023-05-31 15:30:25.636 +08:00 [VRB] Connection id "0HMR1L3IRMR3J" sending "DATA" frame for stream ID 13 with length 10240 and flags "NONE".
2023-05-31 15:30:25.638 +08:00 [VRB] Connection id "0HMR1L3IRMR3J" sending "DATA" frame for stream ID 13 with length 10240 and flags "NONE".
2023-05-31 15:30:25.640 +08:00 [VRB] Connection id "0HMR1L3IRMR3J" sending "DATA" frame for stream ID 13 with length 10240 and flags "NONE".
2023-05-31 15:30:25.642 +08:00 [VRB] Connection id "0HMR1L3IRMR3J" sending "DATA" frame for stream ID 13 with length 10240 and flags "NONE".
2023-05-31 15:30:25.644 +08:00 [VRB] Connection id "0HMR1L3IRMR3J" sending "DATA" frame for stream ID 13 with length 10240 and flags "NONE".
2023-05-31 15:30:25.645 +08:00 [VRB] Connection id "0HMR1L3IRMR3J" sending "DATA" frame for stream ID 13 with length 10240 and flags "NONE".
2023-05-31 15:30:25.646 +08:00 [VRB] Connection id "0HMR1L3IRMR3J" sending "DATA" frame for stream ID 13 with length 10240 and flags "NONE".
2023-05-31 15:30:25.648 +08:00 [VRB] Connection id "0HMR1L3IRMR3J" sending "DATA" frame for stream ID 13 with length 10240 and flags "NONE".
2023-05-31 15:30:25.649 +08:00 [VRB] Connection id "0HMR1L3IRMR3J" sending "DATA" frame for stream ID 13 with length 10240 and flags "NONE".
2023-05-31 15:30:25.649 +08:00 [DBG] Sending negotiation response.
2023-05-31 15:30:25.650 +08:00 [VRB] Connection id "0HMR1L3IRMR3J" sending "DATA" frame for stream ID 13 with length 10240 and flags "NONE".
2023-05-31 15:30:25.652 +08:00 [VRB] Connection id "0HMR1L3IRMR3J" sending "HEADERS" frame for stream ID 21 with length 27 and flags "END_HEADERS".
2023-05-31 15:30:25.654 +08:00 [VRB] Connection id "0HMR1L3IRMR3J" sending "DATA" frame for stream ID 13 with length 10240 and flags "NONE".
2023-05-31 15:30:25.656 +08:00 [VRB] Connection id "0HMR1L3IRMR3J" sending "DATA" frame for stream ID 21 with length 316 and flags "NONE".
2023-05-31 15:30:25.659 +08:00 [VRB] Connection id "0HMR1L3IRMR3J" sending "DATA" frame for stream ID 13 with length 10240 and flags "NONE".
2023-05-31 15:30:25.659 +08:00 [INF] Executed endpoint '/_blazor/negotiate'
2023-05-31 15:30:25.660 +08:00 [VRB] Connection id "0HMR1L3IRMR3J" sending "DATA" frame for stream ID 13 with length 10240 and flags "NONE".
2023-05-31 15:30:25.663 +08:00 [VRB] Connection id "0HMR1L3IRMR3J" sending "DATA" frame for stream ID 21 with length 0 and flags "END_STREAM".
2023-05-31 15:30:25.665 +08:00 [VRB] Connection id "0HMR1L3IRMR3J" sending "DATA" frame for stream ID 13 with length 10240 and flags "NONE".
2023-05-31 15:30:25.665 +08:00 [INF] Request finished HTTP/2 POST https://localhost:7171/_blazor/negotiate?negotiateVersion=1 text/plain;charset=UTF-8 0 - 200 316 application/json 70.5231ms
2023-05-31 15:30:25.666 +08:00 [VRB] Connection id "0HMR1L3IRMR3J" sending "DATA" frame for stream ID 13 with length 10240 and flags "NONE".
2023-05-31 15:30:25.667 +08:00 [DBG] Connection id "0HMR1L3IRMR3K" accepted.
2023-05-31 15:30:25.669 +08:00 [VRB] Connection id "0HMR1L3IRMR3J" sending "DATA" frame for stream ID 13 with length 10240 and flags "NONE".
2023-05-31 15:30:25.669 +08:00 [DBG] Connection id "0HMR1L3IRMR3K" started.
2023-05-31 15:30:25.672 +08:00 [VRB] Connection id "0HMR1L3IRMR3J" sending "DATA" frame for stream ID 13 with length 10240 and flags "NONE".
2023-05-31 15:30:25.675 +08:00 [VRB] Connection id "0HMR1L3IRMR3J" sending "DATA" frame for stream ID 13 with length 10240 and flags "NONE".
2023-05-31 15:30:25.676 +08:00 [DBG] Connection 0HMR1L3IRMR3K established using the following protocol: "Tls13"
2023-05-31 15:30:25.677 +08:00 [VRB] Connection id "0HMR1L3IRMR3J" sending "DATA" frame for stream ID 13 with length 5308 and flags "NONE".
2023-05-31 15:30:25.679 +08:00 [VRB] Connection id "0HMR1L3IRMR3J" sending "DATA" frame for stream ID 13 with length 0 and flags "END_STREAM".
2023-05-31 15:30:25.681 +08:00 [INF] Request finished HTTP/2 GET https://localhost:7171/_vs/browserLink - - - 200 - text/javascript;+charset=UTF-8 338.6270ms
2023-05-31 15:30:25.687 +08:00 [INF] Request starting HTTP/1.1 GET https://localhost:7171/_blazor?id=whi7OBBNsknVexMFHkrLSA - -
2023-05-31 15:30:25.689 +08:00 [VRB] All hosts are allowed.
2023-05-31 15:30:25.693 +08:00 [DBG] The host 'localhost' is excluded. Skipping HSTS header.
2023-05-31 15:30:25.694 +08:00 [DBG] The request path /_blazor does not match a supported file type
2023-05-31 15:30:25.695 +08:00 [DBG] 2 candidate(s) found for the request path '/_blazor'
2023-05-31 15:30:25.696 +08:00 [DBG] Endpoint '/_blazor' with route pattern '/_blazor' is valid for the request path '/_blazor'
2023-05-31 15:30:25.697 +08:00 [DBG] Endpoint 'Fallback {*path:nonfile}' with route pattern '{*path:nonfile}' is valid for the request path '/_blazor'
2023-05-31 15:30:25.698 +08:00 [DBG] Request matched endpoint '/_blazor'
2023-05-31 15:30:25.699 +08:00 [INF] Executing endpoint '/_blazor'
2023-05-31 15:30:25.707 +08:00 [DBG] Establishing new connection.
2023-05-31 15:30:25.711 +08:00 [VRB] Connection id "0HMR1L3IRMR3J" received "HEADERS" frame for stream ID 23 with length 86 and flags "END_STREAM, END_HEADERS, PRIORITY".
2023-05-31 15:30:25.712 +08:00 [DBG] OnConnectedAsync started.
2023-05-31 15:30:25.713 +08:00 [INF] Request starting HTTP/2 GET https://localhost:7171/favicon.ico - -
2023-05-31 15:30:25.714 +08:00 [VRB] All hosts are allowed.
2023-05-31 15:30:25.714 +08:00 [DBG] The host 'localhost' is excluded. Skipping HSTS header.
2023-05-31 15:30:25.716 +08:00 [VRB] Range header's value is empty.
2023-05-31 15:30:25.718 +08:00 [DBG] Socket opened using Sub-Protocol: 'null'.
2023-05-31 15:30:25.722 +08:00 [VRB] Connection id "0HMR1L3IRMR3J" sending "HEADERS" frame for stream ID 23 with length 46 and flags "END_HEADERS".
2023-05-31 15:30:25.724 +08:00 [VRB] Connection id "0HMR1L3IRMR3J" sending "DATA" frame for stream ID 23 with length 5430 and flags "NONE".
2023-05-31 15:30:25.726 +08:00 [INF] Sending file. Request path: '/favicon.ico'. Physical path: 'E:\项目代码\学习代码\StuSolution\BlazorApp1\wwwroot\favicon.ico'
2023-05-31 15:30:25.727 +08:00 [VRB] Connection id "0HMR1L3IRMR3J" sending "DATA" frame for stream ID 23 with length 0 and flags "END_STREAM".
2023-05-31 15:30:25.728 +08:00 [INF] Request finished HTTP/2 GET https://localhost:7171/favicon.ico - - - 200 5430 image/x-icon 15.8920ms
2023-05-31 15:30:25.730 +08:00 [VRB] Message received. Type: "Text", size: 38, EndOfMessage: true.
2023-05-31 15:30:25.742 +08:00 [DBG] Found protocol implementation for requested protocol: blazorpack.
2023-05-31 15:30:25.745 +08:00 [DBG] Completed connection handshake. Using HubProtocol 'blazorpack'.
2023-05-31 15:30:25.753 +08:00 [VRB] Sending payload: 3 bytes.
2023-05-31 15:30:25.763 +08:00 [VRB] Message received. Type: "Binary", size: 968, EndOfMessage: true.
2023-05-31 15:30:25.775 +08:00 [DBG] Received hub invocation: InvocationMessage { InvocationId: "0", Target: "StartCircuit", Arguments: [ https://localhost:7171/, https://localhost:7171/, [{"type":"server","sequence":0,"descriptor":"CfDJ8Hxx+W1rKftAtiZLJU7ovs8Wdm+Hii4NPo6uQBNRcoYDbZ7AB4iI4b+zUViaZ6i9C9c/F979/9UUFVg3JHpuY6++S83oylIphyYHK7NoS29oD9tbX7NwUKMKS9uEj25NJsEZiMzb6x7qqIqEe9daRY3/iItv85B7lqHNNkV33ejuSHm4K6AyUVHmuhE+pVqyTInKKSm8H094VxXRsE3dJDhbKAxOEausA2QjxnDEA0BJ25vmvNhj1DjlgOt1cDVtto24n9GfW/3wPh8I4ZDufYAa/nyeCSFDB2et8fW/7y7JnSqZFYt7fA8swHluzIlpx5re+JtJzbJncYkwxLxyMAwac9cdEvtbx6/TV0phc3YS"},{"type":"server","sequence":1,"descriptor":"CfDJ8Hxx+W1rKftAtiZLJU7ovs/auKIOOilXzIfFWiMTIlRg74vx7oi9o36TQ3YBv2oufRYSXE8YTBWWMAPmrUr86+0a0XZGae3oS5sPG5iI3LuDjUyJoTbFuy6DwLDujONcg+3bvTraxA9mHsYajgtz5GFWDS4+prnfNgi2UYW46t5u8dayILWcBujgkjPYPGPkURowiGSBYZtIz+3FhZ7K0kkYzOBl64jXKkQ52rt1Wpgo3bD5z1Q22hre6KTXuk3Y+2g0nz690a68FElr1mE96lCn2x+dQvKW6rYHBkxVKbsrZZwUqK4aROfco2kwzVqbdDbei/0JlA4XJ/Etjdtkje5PYs55/hBs+tq4qWMh0RYDopMGT02WWQOLfiVsQ4tcm3W9zvQFbZOWXCGUBIuT7bA4w8uyXINbDQ1CHA9xCRK5"}],  ], StreamIds: [  ] }.
2023-05-31 15:30:25.815 +08:00 [VRB] Performing unprotect operation to key {6df9717c-296b-40fb-b626-4b254ee8becf} with purposes ('E:\项目代码\学习代码\StuSolution\BlazorApp1\', 'Microsoft.AspNetCore.Components.ComponentDescriptorSerializer,V1', 'Microsoft.AspNetCore.DataProtection.TimeLimitedDataProtector.v1').
2023-05-31 15:30:25.857 +08:00 [VRB] Performing unprotect operation to key {6df9717c-296b-40fb-b626-4b254ee8becf} with purposes ('E:\项目代码\学习代码\StuSolution\BlazorApp1\', 'Microsoft.AspNetCore.Components.ComponentDescriptorSerializer,V1', 'Microsoft.AspNetCore.DataProtection.TimeLimitedDataProtector.v1').
2023-05-31 15:30:25.888 +08:00 [DBG] Begin invoke JS interop '2': 'Blazor._internal.attachWebRendererInterop'
2023-05-31 15:30:25.889 +08:00 [VRB] Sending payload: 101 bytes.
2023-05-31 15:30:25.892 +08:00 [VRB] Message received. Type: "Binary", size: 44, EndOfMessage: true.
2023-05-31 15:30:25.893 +08:00 [VRB] Performing protect operation to key {6df9717c-296b-40fb-b626-4b254ee8becf} with purposes ('E:\项目代码\学习代码\StuSolution\BlazorApp1\', 'Microsoft.AspNetCore.Components.Server.CircuitIdFactory,V1').
2023-05-31 15:30:25.895 +08:00 [DBG] Created circuit Rnrn4g-B-WfKixL7bNNrEloO8etqvnmNNsdco2fLLiY for connection mY8aqxNdMPuliQLbRNaCGQ
2023-05-31 15:30:25.898 +08:00 [DBG] Circuit initialization started.
2023-05-31 15:30:25.904 +08:00 [DBG] Opening circuit with id 'Rnrn4g-B-WfKixL7bNNrEloO8etqvnmNNsdco2fLLiY'.
2023-05-31 15:30:25.910 +08:00 [DBG] Circuit id 'Rnrn4g-B-WfKixL7bNNrEloO8etqvnmNNsdco2fLLiY' connected using connection 'mY8aqxNdMPuliQLbRNaCGQ'.
2023-05-31 15:30:25.911 +08:00 [DBG] Initializing root component 0 (BlazorApp1.App)
2023-05-31 15:30:25.912 +08:00 [VRB] Sending payload: 29 bytes.
2023-05-31 15:30:25.915 +08:00 [DBG] Rendering component 0 of type BlazorApp1.App
2023-05-31 15:30:25.916 +08:00 [DBG] Initializing component 1 (Microsoft.AspNetCore.Components.Routing.Router) as child of BlazorApp1.App (BlazorApp1.App)
2023-05-31 15:30:25.917 +08:00 [DBG] Navigating to component BlazorApp1.Pages.Index in response to path '' with base URI 'https://localhost:7171/'
2023-05-31 15:30:25.918 +08:00 [DBG] Navigating to component BlazorApp1.Pages.Index in response to path '' with base URI 'https://localhost:7171/'
2023-05-31 15:30:25.920 +08:00 [DBG] Rendering component 1 of type Microsoft.AspNetCore.Components.Routing.Router
2023-05-31 15:30:25.921 +08:00 [DBG] Initializing component 2 (Microsoft.AspNetCore.Components.RouteView) as child of Microsoft.AspNetCore.Components.Routing.Router (Microsoft.AspNetCore.Components.Routing.Router)
2023-05-31 15:30:25.922 +08:00 [DBG] Initializing component 3 (Microsoft.AspNetCore.Components.Routing.FocusOnNavigate) as child of Microsoft.AspNetCore.Components.Routing.Router (Microsoft.AspNetCore.Components.Routing.Router)
2023-05-31 15:30:25.923 +08:00 [DBG] Rendering component 1 of type Microsoft.AspNetCore.Components.Routing.Router
2023-05-31 15:30:25.924 +08:00 [DBG] Rendering component 2 of type Microsoft.AspNetCore.Components.RouteView
2023-05-31 15:30:25.925 +08:00 [DBG] Initializing component 4 (Microsoft.AspNetCore.Components.LayoutView) as child of Microsoft.AspNetCore.Components.RouteView (Microsoft.AspNetCore.Components.RouteView)
2023-05-31 15:30:25.926 +08:00 [DBG] Rendering component 3 of type Microsoft.AspNetCore.Components.Routing.FocusOnNavigate
2023-05-31 15:30:25.927 +08:00 [DBG] Rendering component 2 of type Microsoft.AspNetCore.Components.RouteView
2023-05-31 15:30:25.927 +08:00 [DBG] Rendering component 4 of type Microsoft.AspNetCore.Components.LayoutView
2023-05-31 15:30:25.928 +08:00 [DBG] Initializing component 5 (BlazorApp1.Shared.MainLayout) as child of Microsoft.AspNetCore.Components.LayoutView (Microsoft.AspNetCore.Components.LayoutView)
2023-05-31 15:30:25.929 +08:00 [DBG] Rendering component 4 of type Microsoft.AspNetCore.Components.LayoutView
2023-05-31 15:30:25.930 +08:00 [DBG] Rendering component 5 of type BlazorApp1.Shared.MainLayout
2023-05-31 15:30:25.931 +08:00 [DBG] Initializing component 6 (Microsoft.AspNetCore.Components.Web.PageTitle) as child of BlazorApp1.Shared.MainLayout (BlazorApp1.Shared.MainLayout)
2023-05-31 15:30:25.932 +08:00 [DBG] Initializing component 7 (BlazorApp1.Shared.NavMenu) as child of BlazorApp1.Shared.MainLayout (BlazorApp1.Shared.MainLayout)
2023-05-31 15:30:25.933 +08:00 [DBG] Initializing component 8 (BlazorApp1.Pages.Index) as child of BlazorApp1.Shared.MainLayout (BlazorApp1.Shared.MainLayout)
2023-05-31 15:30:25.937 +08:00 [DBG] Rendering component 6 of type Microsoft.AspNetCore.Components.Web.PageTitle
2023-05-31 15:30:25.938 +08:00 [DBG] Initializing component 9 (Microsoft.AspNetCore.Components.Sections.SectionContent) as child of Microsoft.AspNetCore.Components.Web.PageTitle (Microsoft.AspNetCore.Components.Web.PageTitle)
2023-05-31 15:30:25.939 +08:00 [DBG] Rendering component 7 of type BlazorApp1.Shared.NavMenu
2023-05-31 15:30:25.940 +08:00 [DBG] Initializing component 10 (Microsoft.AspNetCore.Components.Routing.NavLink) as child of BlazorApp1.Shared.NavMenu (BlazorApp1.Shared.NavMenu)
2023-05-31 15:30:25.942 +08:00 [DBG] Initializing component 11 (Microsoft.AspNetCore.Components.Routing.NavLink) as child of BlazorApp1.Shared.NavMenu (BlazorApp1.Shared.NavMenu)
2023-05-31 15:30:25.943 +08:00 [DBG] Initializing component 12 (Microsoft.AspNetCore.Components.Routing.NavLink) as child of BlazorApp1.Shared.NavMenu (BlazorApp1.Shared.NavMenu)
2023-05-31 15:30:25.944 +08:00 [DBG] Rendering component 8 of type BlazorApp1.Pages.Index
2023-05-31 15:30:25.944 +08:00 [DBG] Initializing component 13 (Microsoft.AspNetCore.Components.Web.PageTitle) as child of BlazorApp1.Pages.Index (BlazorApp1.Pages.Index)
2023-05-31 15:30:25.945 +08:00 [DBG] Initializing component 14 (BlazorApp1.Shared.SurveyPrompt) as child of BlazorApp1.Pages.Index (BlazorApp1.Pages.Index)
2023-05-31 15:30:25.946 +08:00 [DBG] Rendering component 10 of type Microsoft.AspNetCore.Components.Routing.NavLink
2023-05-31 15:30:25.947 +08:00 [DBG] Rendering component 11 of type Microsoft.AspNetCore.Components.Routing.NavLink
2023-05-31 15:30:25.948 +08:00 [DBG] Rendering component 12 of type Microsoft.AspNetCore.Components.Routing.NavLink
2023-05-31 15:30:25.949 +08:00 [DBG] Rendering component 13 of type Microsoft.AspNetCore.Components.Web.PageTitle
2023-05-31 15:30:25.950 +08:00 [DBG] Initializing component 15 (Microsoft.AspNetCore.Components.Sections.SectionContent) as child of Microsoft.AspNetCore.Components.Web.PageTitle (Microsoft.AspNetCore.Components.Web.PageTitle)
2023-05-31 15:30:25.951 +08:00 [DBG] Rendering component 14 of type BlazorApp1.Shared.SurveyPrompt
2023-05-31 15:30:25.959 +08:00 [DBG] Sending render batch 2 of size 4662 bytes to client mY8aqxNdMPuliQLbRNaCGQ.
2023-05-31 15:30:25.961 +08:00 [VRB] Sending payload: 4689 bytes.
2023-05-31 15:30:25.963 +08:00 [DBG] Initializing root component 16 (Microsoft.AspNetCore.Components.Web.HeadOutlet)
2023-05-31 15:30:25.966 +08:00 [VRB] Sending payload: 29 bytes.
2023-05-31 15:30:25.966 +08:00 [DBG] Rendering component 16 of type Microsoft.AspNetCore.Components.Web.HeadOutlet
2023-05-31 15:30:25.966 +08:00 [VRB] Message received. Type: "Binary", size: 26, EndOfMessage: true.
2023-05-31 15:30:25.970 +08:00 [DBG] Initializing component 17 (Microsoft.AspNetCore.Components.Sections.SectionOutlet) as child of Microsoft.AspNetCore.Components.Web.HeadOutlet (Microsoft.AspNetCore.Components.Web.HeadOutlet)
2023-05-31 15:30:25.972 +08:00 [DBG] Initializing component 18 (Microsoft.AspNetCore.Components.Sections.SectionOutlet) as child of Microsoft.AspNetCore.Components.Web.HeadOutlet (Microsoft.AspNetCore.Components.Web.HeadOutlet)
2023-05-31 15:30:25.973 +08:00 [DBG] Rendering component 17 of type Microsoft.AspNetCore.Components.Sections.SectionOutlet
2023-05-31 15:30:25.974 +08:00 [DBG] Rendering component 17 of type Microsoft.AspNetCore.Components.Sections.SectionOutlet
2023-05-31 15:30:25.975 +08:00 [DBG] Rendering component 18 of type Microsoft.AspNetCore.Components.Sections.SectionOutlet
2023-05-31 15:30:25.975 +08:00 [DBG] Rendering component 18 of type Microsoft.AspNetCore.Components.Sections.SectionOutlet
2023-05-31 15:30:25.976 +08:00 [DBG] Sending render batch 3 of size 332 bytes to client mY8aqxNdMPuliQLbRNaCGQ.
2023-05-31 15:30:25.977 +08:00 [VRB] Sending payload: 359 bytes.
2023-05-31 15:30:25.977 +08:00 [DBG] Circuit initialization succeeded.
2023-05-31 15:30:25.979 +08:00 [VRB] Message received. Type: "Binary", size: 26, EndOfMessage: true.
2023-05-31 15:30:25.986 +08:00 [DBG] Created circuit 'Rnrn4g-B-WfKixL7bNNrEloO8etqvnmNNsdco2fLLiY' with secret 'CfDJ8Hxx-W1rKftAtiZLJU7ovs-SkvOa8SrA44l8H4dDGgYsURMF8Q9xqsbR9QDIS6mmffgyB1zp8ozxaVL_04YqYL6FMJgL4jOnTk9afreUH7aSgpxBpHxTZGcBDu6aFfLI9xgix62nc0-LNkSNLuRF0dwt7FUWh1_e71Hges4ctAh-4qaGWx5tU-m6-5ZCP_YcgvYKl_6FTTa_4qcp3Pd6HW0' for 'mY8aqxNdMPuliQLbRNaCGQ'
2023-05-31 15:30:25.987 +08:00 [VRB] InvocationId 0: Sending result of type 'System.String'.
2023-05-31 15:30:25.988 +08:00 [VRB] Sending payload: 229 bytes.
2023-05-31 15:30:25.988 +08:00 [DBG] Received hub invocation: InvocationMessage { InvocationId: "", Target: "EndInvokeJSFromDotNet", Arguments: [ 2, True, [2,true,null] ], StreamIds: [  ] }.
2023-05-31 15:30:25.991 +08:00 [DBG] The JS interop call with callback id '2' succeeded.
2023-05-31 15:30:26.002 +08:00 [VRB] InvocationId null: Sending result of type 'System.Void'.
2023-05-31 15:30:26.003 +08:00 [DBG] Received hub invocation: InvocationMessage { InvocationId: "", Target: "OnRenderCompleted", Arguments: [ 2,  ], StreamIds: [  ] }.
2023-05-31 15:30:26.004 +08:00 [DBG] Received confirmation for batch 2
2023-05-31 15:30:26.010 +08:00 [DBG] Completing batch 2 without error in 53.8996ms.
2023-05-31 15:30:26.012 +08:00 [VRB] InvocationId null: Sending result of type 'System.Void'.
2023-05-31 15:30:26.013 +08:00 [DBG] Received hub invocation: InvocationMessage { InvocationId: "", Target: "OnRenderCompleted", Arguments: [ 3,  ], StreamIds: [  ] }.
2023-05-31 15:30:26.014 +08:00 [DBG] Received confirmation for batch 3
2023-05-31 15:30:26.014 +08:00 [DBG] Begin invoke JS interop '3': 'Blazor._internal.navigationManager.enableNavigationInterception'
2023-05-31 15:30:26.014 +08:00 [DBG] Completing batch 3 without error in 38.073ms.
2023-05-31 15:30:26.015 +08:00 [VRB] Sending payload: 93 bytes.
2023-05-31 15:30:26.016 +08:00 [VRB] InvocationId null: Sending result of type 'System.Void'.
2023-05-31 15:30:26.018 +08:00 [VRB] Message received. Type: "Binary", size: 44, EndOfMessage: true.
2023-05-31 15:30:26.019 +08:00 [DBG] Received hub invocation: InvocationMessage { InvocationId: "", Target: "EndInvokeJSFromDotNet", Arguments: [ 3, True, [3,true,null] ], StreamIds: [  ] }.
2023-05-31 15:30:26.019 +08:00 [DBG] Begin invoke JS interop '4': 'Blazor._internal.domWrapper.focusBySelector'
2023-05-31 15:30:26.021 +08:00 [VRB] Sending payload: 79 bytes.
2023-05-31 15:30:26.021 +08:00 [VRB] InvocationId null: Sending result of type 'System.Void'.
2023-05-31 15:30:26.022 +08:00 [VRB] Message received. Type: "Binary", size: 44, EndOfMessage: true.
2023-05-31 15:30:26.023 +08:00 [DBG] Begin invoke JS interop '5': 'Blazor._internal.PageTitle.getAndRemoveExistingTitle'
2023-05-31 15:30:26.024 +08:00 [DBG] Received hub invocation: InvocationMessage { InvocationId: "", Target: "EndInvokeJSFromDotNet", Arguments: [ 4, True, [4,true,null] ], StreamIds: [  ] }.
2023-05-31 15:30:26.025 +08:00 [VRB] Sending payload: 82 bytes.
2023-05-31 15:30:26.027 +08:00 [DBG] The JS interop call with callback id '3' succeeded.
2023-05-31 15:30:26.028 +08:00 [VRB] InvocationId null: Sending result of type 'System.Void'.
2023-05-31 15:30:26.029 +08:00 [VRB] Message received. Type: "Binary", size: 44, EndOfMessage: true.
2023-05-31 15:30:26.031 +08:00 [DBG] The JS interop call with callback id '4' succeeded.
2023-05-31 15:30:26.034 +08:00 [DBG] Received hub invocation: InvocationMessage { InvocationId: "", Target: "EndInvokeJSFromDotNet", Arguments: [ 5, True, [5,true,null] ], StreamIds: [  ] }.
2023-05-31 15:30:26.037 +08:00 [DBG] The JS interop call with callback id '5' succeeded.
2023-05-31 15:30:26.038 +08:00 [DBG] Rendering component 16 of type Microsoft.AspNetCore.Components.Web.HeadOutlet
2023-05-31 15:30:26.039 +08:00 [DBG] Sending render batch 4 of size 48 bytes to client mY8aqxNdMPuliQLbRNaCGQ.
2023-05-31 15:30:26.041 +08:00 [VRB] Sending payload: 73 bytes.
2023-05-31 15:30:26.041 +08:00 [VRB] InvocationId null: Sending result of type 'System.Void'.
2023-05-31 15:30:26.042 +08:00 [VRB] Message received. Type: "Binary", size: 26, EndOfMessage: true.
2023-05-31 15:30:26.044 +08:00 [DBG] Received hub invocation: InvocationMessage { InvocationId: "", Target: "OnRenderCompleted", Arguments: [ 4,  ], StreamIds: [  ] }.
2023-05-31 15:30:26.045 +08:00 [DBG] Received confirmation for batch 4
2023-05-31 15:30:26.045 +08:00 [DBG] Completing batch 4 without error in 6.4418ms.
2023-05-31 15:30:26.046 +08:00 [VRB] InvocationId null: Sending result of type 'System.Void'.
2023-05-31 15:30:28.512 +08:00 [VRB] Connection id "0HMR1L3IRMR3J" received "HEADERS" frame for stream ID 25 with length 95 and flags "END_HEADERS, PRIORITY".
2023-05-31 15:30:28.518 +08:00 [VRB] Connection id "0HMR1L3IRMR3J" received "DATA" frame for stream ID 25 with length 359 and flags "END_STREAM".
2023-05-31 15:30:28.518 +08:00 [INF] Request starting HTTP/2 POST https://localhost:7171/_blazor/disconnect multipart/form-data;+boundary=----WebKitFormBoundaryzGL1qKtCsQxBNqNg 359
2023-05-31 15:30:28.521 +08:00 [DBG] Connection id "0HMR1L3IRMR3K" received FIN.
2023-05-31 15:30:28.525 +08:00 [VRB] Sending payload: 5 bytes.
2023-05-31 15:30:28.523 +08:00 [DBG] Waiting for the application to finish sending data.
2023-05-31 15:30:28.528 +08:00 [VRB] All hosts are allowed.
2023-05-31 15:30:28.530 +08:00 [DBG] Attempting to disconnect circuit with id Rnrn4g-B-WfKixL7bNNrEloO8etqvnmNNsdco2fLLiY from connection mY8aqxNdMPuliQLbRNaCGQ.
2023-05-31 15:30:28.531 +08:00 [DBG] Connection id "0HMR1L3IRMR3K" sending FIN because: "The client closed the connection."
2023-05-31 15:30:28.551 +08:00 [DBG] The host 'localhost' is excluded. Skipping HSTS header.
2023-05-31 15:30:28.558 +08:00 [DBG] Circuit with id Rnrn4g-B-WfKixL7bNNrEloO8etqvnmNNsdco2fLLiY is disconnected.
2023-05-31 15:30:28.560 +08:00 [DBG] Connection id "0HMR1L3IRMR3K" disconnecting.
2023-05-31 15:30:28.562 +08:00 [DBG] POST requests are not supported
2023-05-31 15:30:28.563 +08:00 [DBG] Circuit id 'Rnrn4g-B-WfKixL7bNNrEloO8etqvnmNNsdco2fLLiY' disconnected from connection 'mY8aqxNdMPuliQLbRNaCGQ'.
2023-05-31 15:30:28.564 +08:00 [DBG] 2 candidate(s) found for the request path '/_blazor/disconnect'
2023-05-31 15:30:28.565 +08:00 [DBG] OnConnectedAsync ending.
2023-05-31 15:30:28.565 +08:00 [DBG] Socket closed.
2023-05-31 15:30:28.568 +08:00 [DBG] Endpoint 'Blazor disconnect' with route pattern '/_blazor/disconnect/' is valid for the request path '/_blazor/disconnect'
2023-05-31 15:30:28.574 +08:00 [VRB] Disposing connection mY8aqxNdMPuliQLbRNaCGQ.
2023-05-31 15:30:28.576 +08:00 [DBG] Endpoint 'Fallback {*path:nonfile}' with route pattern '{*path:nonfile}' is valid for the request path '/_blazor/disconnect'
2023-05-31 15:30:28.580 +08:00 [DBG] Request matched endpoint 'Blazor disconnect'
2023-05-31 15:30:28.582 +08:00 [VRB] Waiting for "WebSockets" transport to complete.
2023-05-31 15:30:28.589 +08:00 [INF] Executing endpoint 'Blazor disconnect'
2023-05-31 15:30:28.591 +08:00 [VRB] "WebSockets" transport complete.
2023-05-31 15:30:28.595 +08:00 [DBG] Removing connection whi7OBBNsknVexMFHkrLSA from the list of connections.
2023-05-31 15:30:28.598 +08:00 [DBG] Connection id "0HMR1L3IRMR3J", Request id "0HMR1L3IRMR3J:00000019": started reading request body.
2023-05-31 15:30:28.599 +08:00 [INF] Executed endpoint '/_blazor'
2023-05-31 15:30:28.599 +08:00 [DBG] Connection id "0HMR1L3IRMR3J", Request id "0HMR1L3IRMR3J:00000019": done reading request body.
2023-05-31 15:30:28.601 +08:00 [INF] Request finished HTTP/1.1 GET https://localhost:7171/_blazor?id=whi7OBBNsknVexMFHkrLSA - - - 101 - - 2913.9047ms
2023-05-31 15:30:28.609 +08:00 [DBG] Connection id "0HMR1L3IRMR3K" stopped.
2023-05-31 15:30:28.612 +08:00 [VRB] Performing unprotect operation to key {6df9717c-296b-40fb-b626-4b254ee8becf} with purposes ('E:\项目代码\学习代码\StuSolution\BlazorApp1\', 'Microsoft.AspNetCore.Components.Server.CircuitIdFactory,V1').
2023-05-31 15:30:28.616 +08:00 [DBG] Circuit with id 'Rnrn4g-B-WfKixL7bNNrEloO8etqvnmNNsdco2fLLiY' terminating gracefully.
2023-05-31 15:30:28.618 +08:00 [DBG] Circuit with id Rnrn4g-B-WfKixL7bNNrEloO8etqvnmNNsdco2fLLiY has been removed from the registry for permanent disconnection.
2023-05-31 15:30:28.620 +08:00 [DBG] Disposing circuit 'Rnrn4g-B-WfKixL7bNNrEloO8etqvnmNNsdco2fLLiY' started.
2023-05-31 15:30:28.622 +08:00 [DBG] Circuit id 'Rnrn4g-B-WfKixL7bNNrEloO8etqvnmNNsdco2fLLiY' disconnected from connection 'mY8aqxNdMPuliQLbRNaCGQ'.
2023-05-31 15:30:28.624 +08:00 [DBG] Closing circuit with id 'Rnrn4g-B-WfKixL7bNNrEloO8etqvnmNNsdco2fLLiY'.
2023-05-31 15:30:28.628 +08:00 [DBG] Disposing component 0 of type BlazorApp1.App
2023-05-31 15:30:28.631 +08:00 [DBG] Disposing component 1 of type Microsoft.AspNetCore.Components.Routing.Router
2023-05-31 15:30:28.633 +08:00 [DBG] Disposing component 2 of type Microsoft.AspNetCore.Components.RouteView
2023-05-31 15:30:28.635 +08:00 [DBG] Disposing component 3 of type Microsoft.AspNetCore.Components.Routing.FocusOnNavigate
2023-05-31 15:30:28.636 +08:00 [DBG] Disposing component 4 of type Microsoft.AspNetCore.Components.LayoutView
2023-05-31 15:30:28.637 +08:00 [DBG] Disposing component 5 of type BlazorApp1.Shared.MainLayout
2023-05-31 15:30:28.638 +08:00 [DBG] Disposing component 6 of type Microsoft.AspNetCore.Components.Web.PageTitle
2023-05-31 15:30:28.643 +08:00 [DBG] Disposing component 7 of type BlazorApp1.Shared.NavMenu
2023-05-31 15:30:28.644 +08:00 [DBG] Disposing component 8 of type BlazorApp1.Pages.Index
2023-05-31 15:30:28.645 +08:00 [DBG] Disposing component 9 of type Microsoft.AspNetCore.Components.Sections.SectionContent
2023-05-31 15:30:28.646 +08:00 [DBG] Disposing component 10 of type Microsoft.AspNetCore.Components.Routing.NavLink
2023-05-31 15:30:28.647 +08:00 [DBG] Disposing component 11 of type Microsoft.AspNetCore.Components.Routing.NavLink
2023-05-31 15:30:28.648 +08:00 [DBG] Disposing component 12 of type Microsoft.AspNetCore.Components.Routing.NavLink
2023-05-31 15:30:28.650 +08:00 [DBG] Disposing component 13 of type Microsoft.AspNetCore.Components.Web.PageTitle
2023-05-31 15:30:28.651 +08:00 [DBG] Disposing component 14 of type BlazorApp1.Shared.SurveyPrompt
2023-05-31 15:30:28.652 +08:00 [DBG] Disposing component 15 of type Microsoft.AspNetCore.Components.Sections.SectionContent
2023-05-31 15:30:28.653 +08:00 [DBG] Disposing component 16 of type Microsoft.AspNetCore.Components.Web.HeadOutlet
2023-05-31 15:30:28.653 +08:00 [DBG] Disposing component 17 of type Microsoft.AspNetCore.Components.Sections.SectionOutlet
2023-05-31 15:30:28.655 +08:00 [DBG] Disposing component 18 of type Microsoft.AspNetCore.Components.Sections.SectionOutlet
2023-05-31 15:30:28.658 +08:00 [DBG] Disposing circuit 'Rnrn4g-B-WfKixL7bNNrEloO8etqvnmNNsdco2fLLiY' succeeded.
2023-05-31 15:30:28.660 +08:00 [DBG] Circuit with id 'Rnrn4g-B-WfKixL7bNNrEloO8etqvnmNNsdco2fLLiY' terminated gracefully.
2023-05-31 15:30:28.661 +08:00 [INF] Executed endpoint 'Blazor disconnect'
2023-05-31 15:30:28.661 +08:00 [VRB] Connection id "0HMR1L3IRMR3J" sending "HEADERS" frame for stream ID 25 with length 37 and flags "END_STREAM, END_HEADERS".
2023-05-31 15:30:28.664 +08:00 [INF] Request finished HTTP/2 POST https://localhost:7171/_blazor/disconnect multipart/form-data;+boundary=----WebKitFormBoundaryzGL1qKtCsQxBNqNg 359 - 200 0 - 146.7414ms
